mode: set
github.com/bizflycloud-mcp-server/alert_tools.go:14.71,19.112 2 1
github.com/bizflycloud-mcp-server/alert_tools.go:19.112,21.17 2 0
github.com/bizflycloud-mcp-server/alert_tools.go:21.17,23.4 1 0
github.com/bizflycloud-mcp-server/alert_tools.go:25.3,26.32 2 0
github.com/bizflycloud-mcp-server/alert_tools.go:26.32,34.4 7 0
github.com/bizflycloud-mcp-server/alert_tools.go:35.3,35.44 1 0
github.com/bizflycloud-mcp-server/alert_tools.go:39.2,46.110 2 1
github.com/bizflycloud-mcp-server/alert_tools.go:46.110,48.10 2 0
github.com/bizflycloud-mcp-server/alert_tools.go:48.10,50.4 1 0
github.com/bizflycloud-mcp-server/alert_tools.go:51.3,52.17 2 0
github.com/bizflycloud-mcp-server/alert_tools.go:52.17,54.4 1 0
github.com/bizflycloud-mcp-server/alert_tools.go:56.3,63.31 8 0
github.com/bizflycloud-mcp-server/alert_tools.go:63.31,65.45 2 0
github.com/bizflycloud-mcp-server/alert_tools.go:65.45,67.5 1 0
github.com/bizflycloud-mcp-server/alert_tools.go:69.3,69.44 1 0
github.com/bizflycloud-mcp-server/alert_tools.go:73.2,76.115 2 1
github.com/bizflycloud-mcp-server/alert_tools.go:76.115,78.17 2 0
github.com/bizflycloud-mcp-server/alert_tools.go:78.17,80.4 1 0
github.com/bizflycloud-mcp-server/alert_tools.go:82.3,83.38 2 0
github.com/bizflycloud-mcp-server/alert_tools.go:83.38,86.35 3 0
github.com/bizflycloud-mcp-server/alert_tools.go:86.35,89.5 2 0
github.com/bizflycloud-mcp-server/alert_tools.go:89.10,89.40 1 0
github.com/bizflycloud-mcp-server/alert_tools.go:89.40,91.5 1 0
github.com/bizflycloud-mcp-server/alert_tools.go:91.10,91.39 1 0
github.com/bizflycloud-mcp-server/alert_tools.go:91.39,93.5 1 0
github.com/bizflycloud-mcp-server/alert_tools.go:93.10,93.44 1 0
github.com/bizflycloud-mcp-server/alert_tools.go:93.44,95.5 1 0
github.com/bizflycloud-mcp-server/alert_tools.go:96.4,97.18 2 0
github.com/bizflycloud-mcp-server/alert_tools.go:99.3,99.44 1 0
github.com/bizflycloud-mcp-server/alert_tools.go:103.2,110.113 2 1
github.com/bizflycloud-mcp-server/alert_tools.go:110.113,112.10 2 0
github.com/bizflycloud-mcp-server/alert_tools.go:112.10,114.4 1 0
github.com/bizflycloud-mcp-server/alert_tools.go:115.3,116.17 2 0
github.com/bizflycloud-mcp-server/alert_tools.go:116.17,118.4 1 0
github.com/bizflycloud-mcp-server/alert_tools.go:120.3,123.34 4 0
github.com/bizflycloud-mcp-server/alert_tools.go:123.34,127.4 3 0
github.com/bizflycloud-mcp-server/alert_tools.go:127.9,127.39 1 0
github.com/bizflycloud-mcp-server/alert_tools.go:127.39,131.4 3 0
github.com/bizflycloud-mcp-server/alert_tools.go:131.9,131.38 1 0
github.com/bizflycloud-mcp-server/alert_tools.go:131.38,135.4 3 0
github.com/bizflycloud-mcp-server/alert_tools.go:135.9,135.43 1 0
github.com/bizflycloud-mcp-server/alert_tools.go:135.43,139.4 3 0
github.com/bizflycloud-mcp-server/alert_tools.go:140.3,141.44 2 0
github.com/bizflycloud-mcp-server/autoscaling_tools.go:14.77,22.112 2 1
github.com/bizflycloud-mcp-server/autoscaling_tools.go:22.112,26.17 3 0
github.com/bizflycloud-mcp-server/autoscaling_tools.go:26.17,28.4 1 0
github.com/bizflycloud-mcp-server/autoscaling_tools.go:30.3,31.32 2 0
github.com/bizflycloud-mcp-server/autoscaling_tools.go:31.32,42.4 10 0
github.com/bizflycloud-mcp-server/autoscaling_tools.go:43.3,43.44 1 0
github.com/bizflycloud-mcp-server/autoscaling_tools.go:47.2,54.110 2 1
github.com/bizflycloud-mcp-server/autoscaling_tools.go:54.110,56.10 2 0
github.com/bizflycloud-mcp-server/autoscaling_tools.go:56.10,58.4 1 0
github.com/bizflycloud-mcp-server/autoscaling_tools.go:59.3,60.17 2 0
github.com/bizflycloud-mcp-server/autoscaling_tools.go:60.17,62.4 1 0
github.com/bizflycloud-mcp-server/autoscaling_tools.go:64.3,76.44 13 0
github.com/bizflycloud-mcp-server/autoscaling_tools.go:80.2,103.113 2 1
github.com/bizflycloud-mcp-server/autoscaling_tools.go:103.113,105.10 2 0
github.com/bizflycloud-mcp-server/autoscaling_tools.go:105.10,107.4 1 0
github.com/bizflycloud-mcp-server/autoscaling_tools.go:108.3,109.10 2 0
github.com/bizflycloud-mcp-server/autoscaling_tools.go:109.10,111.4 1 0
github.com/bizflycloud-mcp-server/autoscaling_tools.go:112.3,113.10 2 0
github.com/bizflycloud-mcp-server/autoscaling_tools.go:113.10,115.4 1 0
github.com/bizflycloud-mcp-server/autoscaling_tools.go:116.3,117.10 2 0
github.com/bizflycloud-mcp-server/autoscaling_tools.go:117.10,119.4 1 0
github.com/bizflycloud-mcp-server/autoscaling_tools.go:120.3,121.10 2 0
github.com/bizflycloud-mcp-server/autoscaling_tools.go:121.10,123.4 1 0
github.com/bizflycloud-mcp-server/autoscaling_tools.go:125.3,132.17 2 0
github.com/bizflycloud-mcp-server/autoscaling_tools.go:132.17,134.4 1 0
github.com/bizflycloud-mcp-server/autoscaling_tools.go:136.3,143.44 8 0
github.com/bizflycloud-mcp-server/autoscaling_tools.go:147.2,154.113 2 1
github.com/bizflycloud-mcp-server/autoscaling_tools.go:154.113,156.10 2 0
github.com/bizflycloud-mcp-server/autoscaling_tools.go:156.10,158.4 1 0
github.com/bizflycloud-mcp-server/autoscaling_tools.go:159.3,160.17 2 0
github.com/bizflycloud-mcp-server/autoscaling_tools.go:160.17,162.4 1 0
github.com/bizflycloud-mcp-server/autoscaling_tools.go:163.3,163.103 1 0
github.com/bizflycloud-mcp-server/cdn_tools.go:15.69,20.113 2 1
github.com/bizflycloud-mcp-server/cdn_tools.go:20.113,22.17 2 0
github.com/bizflycloud-mcp-server/cdn_tools.go:22.17,24.4 1 0
github.com/bizflycloud-mcp-server/cdn_tools.go:26.3,27.42 2 0
github.com/bizflycloud-mcp-server/cdn_tools.go:27.42,33.4 5 0
github.com/bizflycloud-mcp-server/cdn_tools.go:34.3,34.44 1 0
github.com/bizflycloud-mcp-server/cdn_tools.go:38.2,56.114 2 1
github.com/bizflycloud-mcp-server/cdn_tools.go:56.114,58.10 2 0
github.com/bizflycloud-mcp-server/cdn_tools.go:58.10,60.4 1 0
github.com/bizflycloud-mcp-server/cdn_tools.go:61.3,62.10 2 0
github.com/bizflycloud-mcp-server/cdn_tools.go:62.10,64.4 1 0
github.com/bizflycloud-mcp-server/cdn_tools.go:65.3,66.10 2 0
github.com/bizflycloud-mcp-server/cdn_tools.go:66.10,68.4 1 0
github.com/bizflycloud-mcp-server/cdn_tools.go:69.3,70.26 2 0
github.com/bizflycloud-mcp-server/cdn_tools.go:70.26,72.4 1 0
github.com/bizflycloud-mcp-server/cdn_tools.go:74.3,83.17 2 0
github.com/bizflycloud-mcp-server/cdn_tools.go:83.17,85.4 1 0
github.com/bizflycloud-mcp-server/cdn_tools.go:87.3,92.44 6 0
github.com/bizflycloud-mcp-server/cdn_tools.go:96.2,103.111 2 1
github.com/bizflycloud-mcp-server/cdn_tools.go:103.111,105.10 2 0
github.com/bizflycloud-mcp-server/cdn_tools.go:105.10,107.4 1 0
github.com/bizflycloud-mcp-server/cdn_tools.go:108.3,109.17 2 0
github.com/bizflycloud-mcp-server/cdn_tools.go:109.17,111.4 1 0
github.com/bizflycloud-mcp-server/cdn_tools.go:113.3,118.44 6 0
github.com/bizflycloud-mcp-server/cdn_tools.go:122.2,135.114 2 1
github.com/bizflycloud-mcp-server/cdn_tools.go:135.114,137.10 2 0
github.com/bizflycloud-mcp-server/cdn_tools.go:137.10,139.4 1 0
github.com/bizflycloud-mcp-server/cdn_tools.go:141.3,142.106 2 0
github.com/bizflycloud-mcp-server/cdn_tools.go:142.106,143.107 1 0
github.com/bizflycloud-mcp-server/cdn_tools.go:143.107,148.5 1 0
github.com/bizflycloud-mcp-server/cdn_tools.go:151.3,152.17 2 0
github.com/bizflycloud-mcp-server/cdn_tools.go:152.17,154.4 1 0
github.com/bizflycloud-mcp-server/cdn_tools.go:156.3,159.44 4 0
github.com/bizflycloud-mcp-server/cdn_tools.go:163.2,170.114 2 1
github.com/bizflycloud-mcp-server/cdn_tools.go:170.114,172.10 2 0
github.com/bizflycloud-mcp-server/cdn_tools.go:172.10,174.4 1 0
github.com/bizflycloud-mcp-server/cdn_tools.go:175.3,176.17 2 0
github.com/bizflycloud-mcp-server/cdn_tools.go:176.17,178.4 1 0
github.com/bizflycloud-mcp-server/cdn_tools.go:179.3,179.97 1 0
github.com/bizflycloud-mcp-server/cdn_tools.go:183.2,193.113 2 1
github.com/bizflycloud-mcp-server/cdn_tools.go:193.113,195.10 2 0
github.com/bizflycloud-mcp-server/cdn_tools.go:195.10,197.4 1 0
github.com/bizflycloud-mcp-server/cdn_tools.go:199.3,201.21 3 0
github.com/bizflycloud-mcp-server/cdn_tools.go:201.21,203.31 2 0
github.com/bizflycloud-mcp-server/cdn_tools.go:203.31,205.5 1 0
github.com/bizflycloud-mcp-server/cdn_tools.go:206.4,208.5 1 0
github.com/bizflycloud-mcp-server/cdn_tools.go:209.9,213.4 1 0
github.com/bizflycloud-mcp-server/cdn_tools.go:215.3,216.17 2 0
github.com/bizflycloud-mcp-server/cdn_tools.go:216.17,218.4 1 0
github.com/bizflycloud-mcp-server/cdn_tools.go:219.3,219.107 1 0
github.com/bizflycloud-mcp-server/container_registry_tools.go:14.83,19.118 2 1
github.com/bizflycloud-mcp-server/container_registry_tools.go:19.118,21.17 2 0
github.com/bizflycloud-mcp-server/container_registry_tools.go:21.17,23.4 1 0
github.com/bizflycloud-mcp-server/container_registry_tools.go:25.3,26.37 2 0
github.com/bizflycloud-mcp-server/container_registry_tools.go:26.37,33.4 6 0
github.com/bizflycloud-mcp-server/container_registry_tools.go:34.3,34.44 1 0
github.com/bizflycloud-mcp-server/container_registry_tools.go:38.2,48.118 2 1
github.com/bizflycloud-mcp-server/container_registry_tools.go:48.118,50.10 2 0
github.com/bizflycloud-mcp-server/container_registry_tools.go:50.10,52.4 1 0
github.com/bizflycloud-mcp-server/container_registry_tools.go:53.3,59.17 3 0
github.com/bizflycloud-mcp-server/container_registry_tools.go:59.17,61.4 1 0
github.com/bizflycloud-mcp-server/container_registry_tools.go:63.3,66.44 4 0
github.com/bizflycloud-mcp-server/container_registry_tools.go:70.2,77.118 2 1
github.com/bizflycloud-mcp-server/container_registry_tools.go:77.118,79.10 2 0
github.com/bizflycloud-mcp-server/container_registry_tools.go:79.10,81.4 1 0
github.com/bizflycloud-mcp-server/container_registry_tools.go:82.3,83.17 2 0
github.com/bizflycloud-mcp-server/container_registry_tools.go:83.17,85.4 1 0
github.com/bizflycloud-mcp-server/container_registry_tools.go:86.3,86.103 1 0
github.com/bizflycloud-mcp-server/container_registry_tools.go:90.2,97.109 2 1
github.com/bizflycloud-mcp-server/container_registry_tools.go:97.109,99.10 2 0
github.com/bizflycloud-mcp-server/container_registry_tools.go:99.10,101.4 1 0
github.com/bizflycloud-mcp-server/container_registry_tools.go:102.3,103.17 2 0
github.com/bizflycloud-mcp-server/container_registry_tools.go:103.17,105.4 1 0
github.com/bizflycloud-mcp-server/container_registry_tools.go:107.3,109.33 3 0
github.com/bizflycloud-mcp-server/container_registry_tools.go:109.33,117.4 7 0
github.com/bizflycloud-mcp-server/container_registry_tools.go:118.3,118.44 1 0
github.com/bizflycloud-mcp-server/container_registry_tools.go:122.2,136.108 2 1
github.com/bizflycloud-mcp-server/container_registry_tools.go:136.108,138.10 2 0
github.com/bizflycloud-mcp-server/container_registry_tools.go:138.10,140.4 1 0
github.com/bizflycloud-mcp-server/container_registry_tools.go:141.3,142.10 2 0
github.com/bizflycloud-mcp-server/container_registry_tools.go:142.10,144.4 1 0
github.com/bizflycloud-mcp-server/container_registry_tools.go:145.3,146.21 2 0
github.com/bizflycloud-mcp-server/container_registry_tools.go:146.21,148.4 1 0
github.com/bizflycloud-mcp-server/container_registry_tools.go:150.3,151.17 2 0
github.com/bizflycloud-mcp-server/container_registry_tools.go:151.17,153.4 1 0
github.com/bizflycloud-mcp-server/container_registry_tools.go:155.3,164.37 10 0
github.com/bizflycloud-mcp-server/container_registry_tools.go:164.37,166.47 2 0
github.com/bizflycloud-mcp-server/container_registry_tools.go:166.47,168.5 1 0
github.com/bizflycloud-mcp-server/container_registry_tools.go:170.3,170.44 1 0
github.com/bizflycloud-mcp-server/container_registry_tools.go:174.2,185.111 2 1
github.com/bizflycloud-mcp-server/container_registry_tools.go:185.111,187.10 2 0
github.com/bizflycloud-mcp-server/container_registry_tools.go:187.10,189.4 1 0
github.com/bizflycloud-mcp-server/container_registry_tools.go:190.3,191.10 2 0
github.com/bizflycloud-mcp-server/container_registry_tools.go:191.10,193.4 1 0
github.com/bizflycloud-mcp-server/container_registry_tools.go:194.3,195.17 2 0
github.com/bizflycloud-mcp-server/container_registry_tools.go:195.17,197.4 1 0
github.com/bizflycloud-mcp-server/container_registry_tools.go:198.3,198.124 1 0
github.com/bizflycloud-mcp-server/container_registry_tools.go:202.2,213.118 2 1
github.com/bizflycloud-mcp-server/container_registry_tools.go:213.118,215.10 2 0
github.com/bizflycloud-mcp-server/container_registry_tools.go:215.10,217.4 1 0
github.com/bizflycloud-mcp-server/container_registry_tools.go:218.3,219.10 2 0
github.com/bizflycloud-mcp-server/container_registry_tools.go:219.10,221.4 1 0
github.com/bizflycloud-mcp-server/container_registry_tools.go:223.3,226.17 2 0
github.com/bizflycloud-mcp-server/container_registry_tools.go:226.17,228.4 1 0
github.com/bizflycloud-mcp-server/container_registry_tools.go:229.3,229.103 1 0
github.com/bizflycloud-mcp-server/database_tools.go:14.74,19.115 2 1
github.com/bizflycloud-mcp-server/database_tools.go:19.115,22.17 2 0
github.com/bizflycloud-mcp-server/database_tools.go:22.17,24.4 1 0
github.com/bizflycloud-mcp-server/database_tools.go:27.3,28.17 2 0
github.com/bizflycloud-mcp-server/database_tools.go:28.17,30.4 1 0
github.com/bizflycloud-mcp-server/database_tools.go:32.3,33.32 2 0
github.com/bizflycloud-mcp-server/database_tools.go:33.32,40.35 5 0
github.com/bizflycloud-mcp-server/database_tools.go:40.35,41.37 1 0
github.com/bizflycloud-mcp-server/database_tools.go:41.37,43.34 2 0
github.com/bizflycloud-mcp-server/database_tools.go:43.34,45.7 1 0
github.com/bizflycloud-mcp-server/database_tools.go:46.6,46.11 1 0
github.com/bizflycloud-mcp-server/database_tools.go:50.4,52.18 3 0
github.com/bizflycloud-mcp-server/database_tools.go:54.3,54.44 1 0
github.com/bizflycloud-mcp-server/database_tools.go:58.2,61.116 2 1
github.com/bizflycloud-mcp-server/database_tools.go:61.116,63.17 2 0
github.com/bizflycloud-mcp-server/database_tools.go:63.17,65.4 1 0
github.com/bizflycloud-mcp-server/database_tools.go:67.3,68.34 2 0
github.com/bizflycloud-mcp-server/database_tools.go:68.34,71.32 3 0
github.com/bizflycloud-mcp-server/database_tools.go:71.32,73.45 2 0
github.com/bizflycloud-mcp-server/database_tools.go:73.45,75.6 1 0
github.com/bizflycloud-mcp-server/database_tools.go:77.4,77.18 1 0
github.com/bizflycloud-mcp-server/database_tools.go:79.3,79.44 1 0
github.com/bizflycloud-mcp-server/database_tools.go:83.2,110.116 2 1
github.com/bizflycloud-mcp-server/database_tools.go:110.116,112.10 2 0
github.com/bizflycloud-mcp-server/database_tools.go:112.10,114.4 1 0
github.com/bizflycloud-mcp-server/database_tools.go:115.3,116.10 2 0
github.com/bizflycloud-mcp-server/database_tools.go:116.10,118.4 1 0
github.com/bizflycloud-mcp-server/database_tools.go:119.3,120.10 2 0
github.com/bizflycloud-mcp-server/database_tools.go:120.10,122.4 1 0
github.com/bizflycloud-mcp-server/database_tools.go:123.3,124.10 2 0
github.com/bizflycloud-mcp-server/database_tools.go:124.10,126.4 1 0
github.com/bizflycloud-mcp-server/database_tools.go:127.3,128.10 2 0
github.com/bizflycloud-mcp-server/database_tools.go:128.10,130.4 1 0
github.com/bizflycloud-mcp-server/database_tools.go:131.3,132.10 2 0
github.com/bizflycloud-mcp-server/database_tools.go:132.10,134.4 1 0
github.com/bizflycloud-mcp-server/database_tools.go:136.3,147.17 2 0
github.com/bizflycloud-mcp-server/database_tools.go:147.17,149.4 1 0
github.com/bizflycloud-mcp-server/database_tools.go:151.3,158.44 8 0
github.com/bizflycloud-mcp-server/database_tools.go:162.2,169.116 2 1
github.com/bizflycloud-mcp-server/database_tools.go:169.116,171.10 2 0
github.com/bizflycloud-mcp-server/database_tools.go:171.10,173.4 1 0
github.com/bizflycloud-mcp-server/database_tools.go:174.3,175.17 2 0
github.com/bizflycloud-mcp-server/database_tools.go:175.17,177.4 1 0
github.com/bizflycloud-mcp-server/database_tools.go:178.3,178.97 1 0
github.com/bizflycloud-mcp-server/database_tools.go:182.2,189.113 2 1
github.com/bizflycloud-mcp-server/database_tools.go:189.113,191.10 2 0
github.com/bizflycloud-mcp-server/database_tools.go:191.10,193.4 1 0
github.com/bizflycloud-mcp-server/database_tools.go:194.3,195.17 2 0
github.com/bizflycloud-mcp-server/database_tools.go:195.17,197.4 1 0
github.com/bizflycloud-mcp-server/database_tools.go:199.3,211.24 13 0
github.com/bizflycloud-mcp-server/database_tools.go:211.24,213.34 2 0
github.com/bizflycloud-mcp-server/database_tools.go:213.34,215.5 1 0
github.com/bizflycloud-mcp-server/database_tools.go:217.3,218.44 2 0
github.com/bizflycloud-mcp-server/database_tools.go:222.2,229.113 2 1
github.com/bizflycloud-mcp-server/database_tools.go:229.113,231.10 2 0
github.com/bizflycloud-mcp-server/database_tools.go:231.10,233.4 1 0
github.com/bizflycloud-mcp-server/database_tools.go:235.3,240.17 3 0
github.com/bizflycloud-mcp-server/database_tools.go:240.17,242.4 1 0
github.com/bizflycloud-mcp-server/database_tools.go:244.3,245.34 2 0
github.com/bizflycloud-mcp-server/database_tools.go:245.34,253.4 7 0
github.com/bizflycloud-mcp-server/database_tools.go:254.3,254.44 1 0
github.com/bizflycloud-mcp-server/database_tools.go:258.2,269.114 2 1
github.com/bizflycloud-mcp-server/database_tools.go:269.114,271.10 2 0
github.com/bizflycloud-mcp-server/database_tools.go:271.10,273.4 1 0
github.com/bizflycloud-mcp-server/database_tools.go:274.3,275.10 2 0
github.com/bizflycloud-mcp-server/database_tools.go:275.10,277.4 1 0
github.com/bizflycloud-mcp-server/database_tools.go:279.3,282.17 2 0
github.com/bizflycloud-mcp-server/database_tools.go:282.17,284.4 1 0
github.com/bizflycloud-mcp-server/database_tools.go:286.3,291.44 6 0
github.com/bizflycloud-mcp-server/dns_tools.go:14.69,19.111 2 1
github.com/bizflycloud-mcp-server/dns_tools.go:19.111,21.17 2 0
github.com/bizflycloud-mcp-server/dns_tools.go:21.17,23.4 1 0
github.com/bizflycloud-mcp-server/dns_tools.go:25.3,26.36 2 0
github.com/bizflycloud-mcp-server/dns_tools.go:26.36,31.32 5 0
github.com/bizflycloud-mcp-server/dns_tools.go:31.32,33.5 1 0
github.com/bizflycloud-mcp-server/dns_tools.go:34.4,35.18 2 0
github.com/bizflycloud-mcp-server/dns_tools.go:37.3,37.44 1 0
github.com/bizflycloud-mcp-server/dns_tools.go:41.2,51.112 2 1
github.com/bizflycloud-mcp-server/dns_tools.go:51.112,53.10 2 0
github.com/bizflycloud-mcp-server/dns_tools.go:53.10,55.4 1 0
github.com/bizflycloud-mcp-server/dns_tools.go:56.3,62.17 3 0
github.com/bizflycloud-mcp-server/dns_tools.go:62.17,64.4 1 0
github.com/bizflycloud-mcp-server/dns_tools.go:66.3,71.44 6 0
github.com/bizflycloud-mcp-server/dns_tools.go:75.2,82.109 2 1
github.com/bizflycloud-mcp-server/dns_tools.go:82.109,84.10 2 0
github.com/bizflycloud-mcp-server/dns_tools.go:84.10,86.4 1 0
github.com/bizflycloud-mcp-server/dns_tools.go:87.3,88.17 2 0
github.com/bizflycloud-mcp-server/dns_tools.go:88.17,90.4 1 0
github.com/bizflycloud-mcp-server/dns_tools.go:92.3,97.31 6 0
github.com/bizflycloud-mcp-server/dns_tools.go:97.31,99.4 1 0
github.com/bizflycloud-mcp-server/dns_tools.go:100.3,103.44 4 0
github.com/bizflycloud-mcp-server/dns_tools.go:107.2,114.112 2 1
github.com/bizflycloud-mcp-server/dns_tools.go:114.112,116.10 2 0
github.com/bizflycloud-mcp-server/dns_tools.go:116.10,118.4 1 0
github.com/bizflycloud-mcp-server/dns_tools.go:119.3,120.17 2 0
github.com/bizflycloud-mcp-server/dns_tools.go:120.17,122.4 1 0
github.com/bizflycloud-mcp-server/dns_tools.go:123.3,123.93 1 0
github.com/bizflycloud-mcp-server/dns_tools.go:127.2,149.114 2 1
github.com/bizflycloud-mcp-server/dns_tools.go:149.114,151.10 2 0
github.com/bizflycloud-mcp-server/dns_tools.go:151.10,153.4 1 0
github.com/bizflycloud-mcp-server/dns_tools.go:154.3,155.10 2 0
github.com/bizflycloud-mcp-server/dns_tools.go:155.10,157.4 1 0
github.com/bizflycloud-mcp-server/dns_tools.go:158.3,159.10 2 0
github.com/bizflycloud-mcp-server/dns_tools.go:159.10,161.4 1 0
github.com/bizflycloud-mcp-server/dns_tools.go:162.3,163.10 2 0
github.com/bizflycloud-mcp-server/dns_tools.go:163.10,165.4 1 0
github.com/bizflycloud-mcp-server/dns_tools.go:167.3,168.66 2 0
github.com/bizflycloud-mcp-server/dns_tools.go:168.66,170.4 1 0
github.com/bizflycloud-mcp-server/dns_tools.go:172.3,183.17 4 0
github.com/bizflycloud-mcp-server/dns_tools.go:183.17,185.4 1 0
github.com/bizflycloud-mcp-server/dns_tools.go:187.3,192.44 6 0
github.com/bizflycloud-mcp-server/dns_tools.go:196.2,203.111 2 1
github.com/bizflycloud-mcp-server/dns_tools.go:203.111,205.10 2 0
github.com/bizflycloud-mcp-server/dns_tools.go:205.10,207.4 1 0
github.com/bizflycloud-mcp-server/dns_tools.go:208.3,209.17 2 0
github.com/bizflycloud-mcp-server/dns_tools.go:209.17,211.4 1 0
github.com/bizflycloud-mcp-server/dns_tools.go:213.3,218.44 6 0
github.com/bizflycloud-mcp-server/dns_tools.go:222.2,229.114 2 1
github.com/bizflycloud-mcp-server/dns_tools.go:229.114,231.10 2 0
github.com/bizflycloud-mcp-server/dns_tools.go:231.10,233.4 1 0
github.com/bizflycloud-mcp-server/dns_tools.go:234.3,235.17 2 0
github.com/bizflycloud-mcp-server/dns_tools.go:235.17,237.4 1 0
github.com/bizflycloud-mcp-server/dns_tools.go:238.3,238.97 1 0
github.com/bizflycloud-mcp-server/kms_tools.go:14.69,19.118 2 1
github.com/bizflycloud-mcp-server/kms_tools.go:19.118,21.17 2 0
github.com/bizflycloud-mcp-server/kms_tools.go:21.17,23.4 1 0
github.com/bizflycloud-mcp-server/kms_tools.go:25.3,26.37 2 0
github.com/bizflycloud-mcp-server/kms_tools.go:26.37,30.4 3 0
github.com/bizflycloud-mcp-server/kms_tools.go:31.3,31.44 1 0
github.com/bizflycloud-mcp-server/kms_tools.go:35.2,42.116 2 1
github.com/bizflycloud-mcp-server/kms_tools.go:42.116,44.10 2 0
github.com/bizflycloud-mcp-server/kms_tools.go:44.10,46.4 1 0
github.com/bizflycloud-mcp-server/kms_tools.go:47.3,48.17 2 0
github.com/bizflycloud-mcp-server/kms_tools.go:48.17,50.4 1 0
github.com/bizflycloud-mcp-server/kms_tools.go:52.3,56.44 5 0
github.com/bizflycloud-mcp-server/kms_tools.go:60.2,89.119 2 1
github.com/bizflycloud-mcp-server/kms_tools.go:89.119,91.10 2 0
github.com/bizflycloud-mcp-server/kms_tools.go:91.10,93.4 1 0
github.com/bizflycloud-mcp-server/kms_tools.go:94.3,95.10 2 0
github.com/bizflycloud-mcp-server/kms_tools.go:95.10,97.4 1 0
github.com/bizflycloud-mcp-server/kms_tools.go:98.3,99.10 2 0
github.com/bizflycloud-mcp-server/kms_tools.go:99.10,101.4 1 0
github.com/bizflycloud-mcp-server/kms_tools.go:102.3,103.10 2 0
github.com/bizflycloud-mcp-server/kms_tools.go:103.10,105.4 1 0
github.com/bizflycloud-mcp-server/kms_tools.go:106.3,107.10 2 0
github.com/bizflycloud-mcp-server/kms_tools.go:107.10,109.4 1 0
github.com/bizflycloud-mcp-server/kms_tools.go:111.3,125.121 2 0
github.com/bizflycloud-mcp-server/kms_tools.go:125.121,126.131 1 0
github.com/bizflycloud-mcp-server/kms_tools.go:126.131,131.5 1 0
github.com/bizflycloud-mcp-server/kms_tools.go:134.3,135.17 2 0
github.com/bizflycloud-mcp-server/kms_tools.go:135.17,137.4 1 0
github.com/bizflycloud-mcp-server/kms_tools.go:139.3,141.44 3 0
github.com/bizflycloud-mcp-server/kms_tools.go:145.2,152.119 2 1
github.com/bizflycloud-mcp-server/kms_tools.go:152.119,154.10 2 0
github.com/bizflycloud-mcp-server/kms_tools.go:154.10,156.4 1 0
github.com/bizflycloud-mcp-server/kms_tools.go:157.3,158.17 2 0
github.com/bizflycloud-mcp-server/kms_tools.go:158.17,160.4 1 0
github.com/bizflycloud-mcp-server/kms_tools.go:161.3,161.107 1 0
github.com/bizflycloud-mcp-server/kubernetes_tools.go:14.76,19.114 2 1
github.com/bizflycloud-mcp-server/kubernetes_tools.go:19.114,21.17 2 0
github.com/bizflycloud-mcp-server/kubernetes_tools.go:21.17,23.4 1 0
github.com/bizflycloud-mcp-server/kubernetes_tools.go:25.3,26.30 2 0
github.com/bizflycloud-mcp-server/kubernetes_tools.go:26.30,29.18 2 0
github.com/bizflycloud-mcp-server/kubernetes_tools.go:29.18,31.5 1 0
github.com/bizflycloud-mcp-server/kubernetes_tools.go:33.4,40.45 8 0
github.com/bizflycloud-mcp-server/kubernetes_tools.go:40.45,49.5 8 0
github.com/bizflycloud-mcp-server/kubernetes_tools.go:50.4,50.18 1 0
github.com/bizflycloud-mcp-server/kubernetes_tools.go:52.3,52.44 1 0
github.com/bizflycloud-mcp-server/kubernetes_tools.go:56.2,75.115 2 1
github.com/bizflycloud-mcp-server/kubernetes_tools.go:75.115,77.10 2 0
github.com/bizflycloud-mcp-server/kubernetes_tools.go:77.10,79.4 1 0
github.com/bizflycloud-mcp-server/kubernetes_tools.go:80.3,81.10 2 0
github.com/bizflycloud-mcp-server/kubernetes_tools.go:81.10,83.4 1 0
github.com/bizflycloud-mcp-server/kubernetes_tools.go:84.3,85.10 2 0
github.com/bizflycloud-mcp-server/kubernetes_tools.go:85.10,87.4 1 0
github.com/bizflycloud-mcp-server/kubernetes_tools.go:88.3,89.10 2 0
github.com/bizflycloud-mcp-server/kubernetes_tools.go:89.10,91.4 1 0
github.com/bizflycloud-mcp-server/kubernetes_tools.go:94.3,95.17 2 0
github.com/bizflycloud-mcp-server/kubernetes_tools.go:95.17,97.4 1 0
github.com/bizflycloud-mcp-server/kubernetes_tools.go:99.3,100.34 2 0
github.com/bizflycloud-mcp-server/kubernetes_tools.go:100.34,101.35 1 0
github.com/bizflycloud-mcp-server/kubernetes_tools.go:101.35,103.10 2 0
github.com/bizflycloud-mcp-server/kubernetes_tools.go:106.3,106.21 1 0
github.com/bizflycloud-mcp-server/kubernetes_tools.go:106.21,108.4 1 0
github.com/bizflycloud-mcp-server/kubernetes_tools.go:110.3,130.17 2 0
github.com/bizflycloud-mcp-server/kubernetes_tools.go:130.17,132.4 1 0
github.com/bizflycloud-mcp-server/kubernetes_tools.go:134.3,140.44 7 0
github.com/bizflycloud-mcp-server/kubernetes_tools.go:144.2,151.115 2 1
github.com/bizflycloud-mcp-server/kubernetes_tools.go:151.115,153.10 2 0
github.com/bizflycloud-mcp-server/kubernetes_tools.go:153.10,155.4 1 0
github.com/bizflycloud-mcp-server/kubernetes_tools.go:156.3,157.17 2 0
github.com/bizflycloud-mcp-server/kubernetes_tools.go:157.17,159.4 1 0
github.com/bizflycloud-mcp-server/kubernetes_tools.go:160.3,160.95 1 0
github.com/bizflycloud-mcp-server/kubernetes_tools.go:164.2,175.118 2 1
github.com/bizflycloud-mcp-server/kubernetes_tools.go:175.118,177.10 2 0
github.com/bizflycloud-mcp-server/kubernetes_tools.go:177.10,179.4 1 0
github.com/bizflycloud-mcp-server/kubernetes_tools.go:180.3,181.10 2 0
github.com/bizflycloud-mcp-server/kubernetes_tools.go:181.10,183.4 1 0
github.com/bizflycloud-mcp-server/kubernetes_tools.go:186.3,187.17 2 0
github.com/bizflycloud-mcp-server/kubernetes_tools.go:187.17,189.4 1 0
github.com/bizflycloud-mcp-server/kubernetes_tools.go:192.3,193.41 2 0
github.com/bizflycloud-mcp-server/kubernetes_tools.go:193.41,194.24 1 0
github.com/bizflycloud-mcp-server/kubernetes_tools.go:194.24,196.10 2 0
github.com/bizflycloud-mcp-server/kubernetes_tools.go:199.3,199.18 1 0
github.com/bizflycloud-mcp-server/kubernetes_tools.go:199.18,201.4 1 0
github.com/bizflycloud-mcp-server/kubernetes_tools.go:203.3,212.29 10 0
github.com/bizflycloud-mcp-server/kubernetes_tools.go:212.29,215.4 2 0
github.com/bizflycloud-mcp-server/kubernetes_tools.go:216.3,216.25 1 0
github.com/bizflycloud-mcp-server/kubernetes_tools.go:216.25,218.4 1 0
github.com/bizflycloud-mcp-server/kubernetes_tools.go:219.3,219.27 1 0
github.com/bizflycloud-mcp-server/kubernetes_tools.go:219.27,221.4 1 0
github.com/bizflycloud-mcp-server/kubernetes_tools.go:222.3,228.17 5 0
github.com/bizflycloud-mcp-server/kubernetes_tools.go:228.17,230.4 1 0
github.com/bizflycloud-mcp-server/kubernetes_tools.go:232.3,233.36 2 0
github.com/bizflycloud-mcp-server/kubernetes_tools.go:233.36,237.4 3 0
github.com/bizflycloud-mcp-server/kubernetes_tools.go:238.3,238.44 1 0
github.com/bizflycloud-mcp-server/kubernetes_tools.go:242.2,249.112 2 1
github.com/bizflycloud-mcp-server/kubernetes_tools.go:249.112,251.10 2 0
github.com/bizflycloud-mcp-server/kubernetes_tools.go:251.10,253.4 1 0
github.com/bizflycloud-mcp-server/kubernetes_tools.go:254.3,255.17 2 0
github.com/bizflycloud-mcp-server/kubernetes_tools.go:255.17,257.4 1 0
github.com/bizflycloud-mcp-server/kubernetes_tools.go:259.3,269.44 11 0
github.com/bizflycloud-mcp-server/kubernetes_tools.go:269.44,279.4 9 0
github.com/bizflycloud-mcp-server/kubernetes_tools.go:280.3,280.44 1 0
github.com/bizflycloud-mcp-server/kubernetes_tools.go:284.2,307.112 2 1
github.com/bizflycloud-mcp-server/kubernetes_tools.go:307.112,309.10 2 0
github.com/bizflycloud-mcp-server/kubernetes_tools.go:309.10,311.4 1 0
github.com/bizflycloud-mcp-server/kubernetes_tools.go:312.3,313.10 2 0
github.com/bizflycloud-mcp-server/kubernetes_tools.go:313.10,315.4 1 0
github.com/bizflycloud-mcp-server/kubernetes_tools.go:317.3,318.80 2 0
github.com/bizflycloud-mcp-server/kubernetes_tools.go:318.80,320.4 1 0
github.com/bizflycloud-mcp-server/kubernetes_tools.go:321.3,321.89 1 0
github.com/bizflycloud-mcp-server/kubernetes_tools.go:321.89,323.4 1 0
github.com/bizflycloud-mcp-server/kubernetes_tools.go:324.3,324.72 1 0
github.com/bizflycloud-mcp-server/kubernetes_tools.go:324.72,326.4 1 0
github.com/bizflycloud-mcp-server/kubernetes_tools.go:327.3,327.72 1 0
github.com/bizflycloud-mcp-server/kubernetes_tools.go:327.72,329.4 1 0
github.com/bizflycloud-mcp-server/kubernetes_tools.go:331.3,332.17 2 0
github.com/bizflycloud-mcp-server/kubernetes_tools.go:332.17,334.4 1 0
github.com/bizflycloud-mcp-server/kubernetes_tools.go:335.3,335.114 1 0
github.com/bizflycloud-mcp-server/kubernetes_tools.go:339.2,354.112 2 1
github.com/bizflycloud-mcp-server/kubernetes_tools.go:354.112,356.10 2 0
github.com/bizflycloud-mcp-server/kubernetes_tools.go:356.10,358.4 1 0
github.com/bizflycloud-mcp-server/kubernetes_tools.go:359.3,360.10 2 0
github.com/bizflycloud-mcp-server/kubernetes_tools.go:360.10,362.4 1 0
github.com/bizflycloud-mcp-server/kubernetes_tools.go:363.3,364.10 2 0
github.com/bizflycloud-mcp-server/kubernetes_tools.go:364.10,366.4 1 0
github.com/bizflycloud-mcp-server/kubernetes_tools.go:368.3,372.17 3 0
github.com/bizflycloud-mcp-server/kubernetes_tools.go:372.17,374.4 1 0
github.com/bizflycloud-mcp-server/kubernetes_tools.go:375.3,375.144 1 0
github.com/bizflycloud-mcp-server/kubernetes_tools.go:379.2,390.112 2 1
github.com/bizflycloud-mcp-server/kubernetes_tools.go:390.112,392.10 2 0
github.com/bizflycloud-mcp-server/kubernetes_tools.go:392.10,394.4 1 0
github.com/bizflycloud-mcp-server/kubernetes_tools.go:395.3,396.10 2 0
github.com/bizflycloud-mcp-server/kubernetes_tools.go:396.10,398.4 1 0
github.com/bizflycloud-mcp-server/kubernetes_tools.go:399.3,400.17 2 0
github.com/bizflycloud-mcp-server/kubernetes_tools.go:400.17,402.4 1 0
github.com/bizflycloud-mcp-server/kubernetes_tools.go:403.3,403.116 1 0
github.com/bizflycloud-mcp-server/loadbalancer_tools.go:14.78,19.119 2 1
github.com/bizflycloud-mcp-server/loadbalancer_tools.go:19.119,21.17 2 0
github.com/bizflycloud-mcp-server/loadbalancer_tools.go:21.17,23.4 1 0
github.com/bizflycloud-mcp-server/loadbalancer_tools.go:25.3,26.36 2 0
github.com/bizflycloud-mcp-server/loadbalancer_tools.go:26.36,35.4 8 0
github.com/bizflycloud-mcp-server/loadbalancer_tools.go:36.3,36.44 1 0
github.com/bizflycloud-mcp-server/loadbalancer_tools.go:40.2,58.120 2 1
github.com/bizflycloud-mcp-server/loadbalancer_tools.go:58.120,60.10 2 0
github.com/bizflycloud-mcp-server/loadbalancer_tools.go:60.10,62.4 1 0
github.com/bizflycloud-mcp-server/loadbalancer_tools.go:63.3,64.10 2 0
github.com/bizflycloud-mcp-server/loadbalancer_tools.go:64.10,66.4 1 0
github.com/bizflycloud-mcp-server/loadbalancer_tools.go:67.3,68.10 2 0
github.com/bizflycloud-mcp-server/loadbalancer_tools.go:68.10,70.4 1 0
github.com/bizflycloud-mcp-server/loadbalancer_tools.go:71.3,79.17 3 0
github.com/bizflycloud-mcp-server/loadbalancer_tools.go:79.17,81.4 1 0
github.com/bizflycloud-mcp-server/loadbalancer_tools.go:83.3,90.44 8 0
github.com/bizflycloud-mcp-server/loadbalancer_tools.go:94.2,101.120 2 1
github.com/bizflycloud-mcp-server/loadbalancer_tools.go:101.120,103.10 2 0
github.com/bizflycloud-mcp-server/loadbalancer_tools.go:103.10,105.4 1 0
github.com/bizflycloud-mcp-server/loadbalancer_tools.go:106.3,110.17 2 0
github.com/bizflycloud-mcp-server/loadbalancer_tools.go:110.17,112.4 1 0
github.com/bizflycloud-mcp-server/loadbalancer_tools.go:113.3,113.106 1 0
github.com/bizflycloud-mcp-server/loadbalancer_tools.go:117.2,124.117 2 1
github.com/bizflycloud-mcp-server/loadbalancer_tools.go:124.117,126.10 2 0
github.com/bizflycloud-mcp-server/loadbalancer_tools.go:126.10,128.4 1 0
github.com/bizflycloud-mcp-server/loadbalancer_tools.go:129.3,130.17 2 0
github.com/bizflycloud-mcp-server/loadbalancer_tools.go:130.17,132.4 1 0
github.com/bizflycloud-mcp-server/loadbalancer_tools.go:134.3,146.44 13 0
github.com/bizflycloud-mcp-server/loadbalancer_tools.go:150.2,166.120 2 1
github.com/bizflycloud-mcp-server/loadbalancer_tools.go:166.120,168.10 2 0
github.com/bizflycloud-mcp-server/loadbalancer_tools.go:168.10,170.4 1 0
github.com/bizflycloud-mcp-server/loadbalancer_tools.go:172.3,173.78 2 0
github.com/bizflycloud-mcp-server/loadbalancer_tools.go:173.78,175.4 1 0
github.com/bizflycloud-mcp-server/loadbalancer_tools.go:176.3,176.85 1 0
github.com/bizflycloud-mcp-server/loadbalancer_tools.go:176.85,178.4 1 0
github.com/bizflycloud-mcp-server/loadbalancer_tools.go:179.3,179.80 1 0
github.com/bizflycloud-mcp-server/loadbalancer_tools.go:179.80,181.4 1 0
github.com/bizflycloud-mcp-server/loadbalancer_tools.go:183.3,184.17 2 0
github.com/bizflycloud-mcp-server/loadbalancer_tools.go:184.17,186.4 1 0
github.com/bizflycloud-mcp-server/loadbalancer_tools.go:188.3,193.44 6 0
github.com/bizflycloud-mcp-server/main.go:17.13,24.38 5 0
github.com/bizflycloud-mcp-server/main.go:24.38,26.3 1 0
github.com/bizflycloud-mcp-server/main.go:29.2,29.18 1 0
github.com/bizflycloud-mcp-server/main.go:29.18,31.3 1 0
github.com/bizflycloud-mcp-server/main.go:32.2,32.18 1 0
github.com/bizflycloud-mcp-server/main.go:32.18,34.3 1 0
github.com/bizflycloud-mcp-server/main.go:37.2,41.16 2 0
github.com/bizflycloud-mcp-server/main.go:41.16,43.3 1 0
github.com/bizflycloud-mcp-server/main.go:46.2,54.16 3 0
github.com/bizflycloud-mcp-server/main.go:54.16,56.3 1 0
github.com/bizflycloud-mcp-server/main.go:59.2,81.45 14 0
github.com/bizflycloud-mcp-server/main.go:81.45,83.3 1 0
github.com/bizflycloud-mcp-server/server_tools.go:14.72,19.113 2 1
github.com/bizflycloud-mcp-server/server_tools.go:19.113,21.17 2 0
github.com/bizflycloud-mcp-server/server_tools.go:21.17,23.4 1 0
github.com/bizflycloud-mcp-server/server_tools.go:25.3,26.34 2 0
github.com/bizflycloud-mcp-server/server_tools.go:26.34,32.50 6 0
github.com/bizflycloud-mcp-server/server_tools.go:32.50,34.5 1 0
github.com/bizflycloud-mcp-server/server_tools.go:35.4,35.48 1 0
github.com/bizflycloud-mcp-server/server_tools.go:35.48,37.5 1 0
github.com/bizflycloud-mcp-server/server_tools.go:38.4,40.18 3 0
github.com/bizflycloud-mcp-server/server_tools.go:42.3,42.44 1 0
github.com/bizflycloud-mcp-server/server_tools.go:46.2,53.114 2 1
github.com/bizflycloud-mcp-server/server_tools.go:53.114,55.10 2 0
github.com/bizflycloud-mcp-server/server_tools.go:55.10,57.4 1 0
github.com/bizflycloud-mcp-server/server_tools.go:58.3,59.17 2 0
github.com/bizflycloud-mcp-server/server_tools.go:59.17,61.4 1 0
github.com/bizflycloud-mcp-server/server_tools.go:62.3,62.94 1 0
github.com/bizflycloud-mcp-server/server_tools.go:66.2,73.114 2 1
github.com/bizflycloud-mcp-server/server_tools.go:73.114,75.10 2 0
github.com/bizflycloud-mcp-server/server_tools.go:75.10,77.4 1 0
github.com/bizflycloud-mcp-server/server_tools.go:78.3,79.17 2 0
github.com/bizflycloud-mcp-server/server_tools.go:79.17,81.4 1 0
github.com/bizflycloud-mcp-server/server_tools.go:82.3,82.93 1 0
github.com/bizflycloud-mcp-server/server_tools.go:86.2,93.113 2 1
github.com/bizflycloud-mcp-server/server_tools.go:93.113,95.10 2 0
github.com/bizflycloud-mcp-server/server_tools.go:95.10,97.4 1 0
github.com/bizflycloud-mcp-server/server_tools.go:98.3,99.17 2 0
github.com/bizflycloud-mcp-server/server_tools.go:99.17,101.4 1 0
github.com/bizflycloud-mcp-server/server_tools.go:102.3,102.93 1 0
github.com/bizflycloud-mcp-server/server_tools.go:106.2,117.114 2 1
github.com/bizflycloud-mcp-server/server_tools.go:117.114,119.10 2 0
github.com/bizflycloud-mcp-server/server_tools.go:119.10,121.4 1 0
github.com/bizflycloud-mcp-server/server_tools.go:122.3,123.10 2 0
github.com/bizflycloud-mcp-server/server_tools.go:123.10,125.4 1 0
github.com/bizflycloud-mcp-server/server_tools.go:128.3,129.17 2 0
github.com/bizflycloud-mcp-server/server_tools.go:129.17,131.4 1 0
github.com/bizflycloud-mcp-server/server_tools.go:133.3,134.34 2 0
github.com/bizflycloud-mcp-server/server_tools.go:134.34,135.33 1 0
github.com/bizflycloud-mcp-server/server_tools.go:135.33,137.10 2 0
github.com/bizflycloud-mcp-server/server_tools.go:140.3,140.21 1 0
github.com/bizflycloud-mcp-server/server_tools.go:140.21,142.4 1 0
github.com/bizflycloud-mcp-server/server_tools.go:144.3,145.17 2 0
github.com/bizflycloud-mcp-server/server_tools.go:145.17,147.4 1 0
github.com/bizflycloud-mcp-server/server_tools.go:148.3,148.119 1 0
github.com/bizflycloud-mcp-server/server_tools.go:152.2,155.113 2 1
github.com/bizflycloud-mcp-server/server_tools.go:155.113,157.17 2 0
github.com/bizflycloud-mcp-server/server_tools.go:157.17,159.4 1 0
github.com/bizflycloud-mcp-server/server_tools.go:161.3,162.34 2 0
github.com/bizflycloud-mcp-server/server_tools.go:162.34,170.4 7 0
github.com/bizflycloud-mcp-server/server_tools.go:171.3,171.44 1 0
github.com/bizflycloud-mcp-server/server_tools.go:175.2,182.111 2 1
github.com/bizflycloud-mcp-server/server_tools.go:182.111,184.10 2 0
github.com/bizflycloud-mcp-server/server_tools.go:184.10,186.4 1 0
github.com/bizflycloud-mcp-server/server_tools.go:187.3,188.17 2 0
github.com/bizflycloud-mcp-server/server_tools.go:188.17,190.4 1 0
github.com/bizflycloud-mcp-server/server_tools.go:192.3,198.49 7 0
github.com/bizflycloud-mcp-server/server_tools.go:198.49,200.57 2 0
github.com/bizflycloud-mcp-server/server_tools.go:200.57,202.5 1 0
github.com/bizflycloud-mcp-server/server_tools.go:204.3,204.47 1 0
github.com/bizflycloud-mcp-server/server_tools.go:204.47,206.55 2 0
github.com/bizflycloud-mcp-server/server_tools.go:206.55,208.5 1 0
github.com/bizflycloud-mcp-server/server_tools.go:210.3,212.44 3 0
github.com/bizflycloud-mcp-server/server_tools.go:216.2,223.112 2 1
github.com/bizflycloud-mcp-server/server_tools.go:223.112,225.10 2 0
github.com/bizflycloud-mcp-server/server_tools.go:225.10,227.4 1 0
github.com/bizflycloud-mcp-server/server_tools.go:228.3,229.17 2 0
github.com/bizflycloud-mcp-server/server_tools.go:229.17,231.4 1 0
github.com/bizflycloud-mcp-server/server_tools.go:232.3,232.93 1 0
github.com/bizflycloud-mcp-server/server_tools.go:236.2,243.118 2 1
github.com/bizflycloud-mcp-server/server_tools.go:243.118,245.10 2 0
github.com/bizflycloud-mcp-server/server_tools.go:245.10,247.4 1 0
github.com/bizflycloud-mcp-server/server_tools.go:248.3,249.17 2 0
github.com/bizflycloud-mcp-server/server_tools.go:249.17,251.4 1 0
github.com/bizflycloud-mcp-server/server_tools.go:252.3,252.99 1 0
github.com/bizflycloud-mcp-server/test_helpers.go:11.98,24.2 1 1
github.com/bizflycloud-mcp-server/test_helpers.go:27.46,32.2 1 1
github.com/bizflycloud-mcp-server/test_helpers.go:35.59,36.47 1 1
github.com/bizflycloud-mcp-server/test_helpers.go:36.47,38.3 1 1
github.com/bizflycloud-mcp-server/test_helpers.go:41.2,41.41 1 1
github.com/bizflycloud-mcp-server/test_helpers.go:41.41,42.56 1 1
github.com/bizflycloud-mcp-server/test_helpers.go:42.56,44.4 1 1
github.com/bizflycloud-mcp-server/test_helpers.go:46.2,46.11 1 0
github.com/bizflycloud-mcp-server/test_helpers.go:50.91,51.19 1 1
github.com/bizflycloud-mcp-server/test_helpers.go:51.19,54.3 2 0
github.com/bizflycloud-mcp-server/test_helpers.go:56.2,56.20 1 1
github.com/bizflycloud-mcp-server/test_helpers.go:56.20,60.3 3 1
github.com/bizflycloud-mcp-server/test_helpers.go:62.2,63.16 2 1
github.com/bizflycloud-mcp-server/test_helpers.go:63.16,66.3 2 0
github.com/bizflycloud-mcp-server/test_helpers.go:68.2,68.67 1 1
github.com/bizflycloud-mcp-server/test_helpers.go:68.67,70.3 1 0
github.com/bizflycloud-mcp-server/test_helpers.go:74.95,75.19 1 1
github.com/bizflycloud-mcp-server/test_helpers.go:75.19,78.3 2 0
github.com/bizflycloud-mcp-server/test_helpers.go:80.2,80.21 1 1
github.com/bizflycloud-mcp-server/test_helpers.go:80.21,84.3 3 0
github.com/bizflycloud-mcp-server/test_helpers.go:86.2,87.77 2 1
github.com/bizflycloud-mcp-server/test_helpers.go:87.77,89.3 1 0
github.com/bizflycloud-mcp-server/test_helpers.go:93.38,94.22 1 1
github.com/bizflycloud-mcp-server/test_helpers.go:94.22,96.3 1 1
github.com/bizflycloud-mcp-server/test_helpers.go:97.2,97.26 1 1
github.com/bizflycloud-mcp-server/test_helpers.go:97.26,99.3 1 1
github.com/bizflycloud-mcp-server/test_helpers.go:100.2,100.43 1 1
github.com/bizflycloud-mcp-server/test_helpers.go:100.43,101.35 1 1
github.com/bizflycloud-mcp-server/test_helpers.go:101.35,103.4 1 1
github.com/bizflycloud-mcp-server/test_helpers.go:105.2,105.14 1 1
github.com/bizflycloud-mcp-server/volume_tools.go:14.72,19.113 2 1
github.com/bizflycloud-mcp-server/volume_tools.go:19.113,21.17 2 0
github.com/bizflycloud-mcp-server/volume_tools.go:21.17,23.4 1 0
github.com/bizflycloud-mcp-server/volume_tools.go:25.3,26.34 2 0
github.com/bizflycloud-mcp-server/volume_tools.go:26.34,36.4 9 0
github.com/bizflycloud-mcp-server/volume_tools.go:37.3,37.44 1 0
github.com/bizflycloud-mcp-server/volume_tools.go:41.2,56.114 2 1
github.com/bizflycloud-mcp-server/volume_tools.go:56.114,58.10 2 0
github.com/bizflycloud-mcp-server/volume_tools.go:58.10,60.4 1 0
github.com/bizflycloud-mcp-server/volume_tools.go:61.3,62.10 2 0
github.com/bizflycloud-mcp-server/volume_tools.go:62.10,64.4 1 0
github.com/bizflycloud-mcp-server/volume_tools.go:65.3,66.10 2 0
github.com/bizflycloud-mcp-server/volume_tools.go:66.10,68.4 1 0
github.com/bizflycloud-mcp-server/volume_tools.go:70.3,75.17 2 0
github.com/bizflycloud-mcp-server/volume_tools.go:75.17,77.4 1 0
github.com/bizflycloud-mcp-server/volume_tools.go:79.3,84.44 6 0
github.com/bizflycloud-mcp-server/volume_tools.go:88.2,99.114 2 1
github.com/bizflycloud-mcp-server/volume_tools.go:99.114,101.10 2 0
github.com/bizflycloud-mcp-server/volume_tools.go:101.10,103.4 1 0
github.com/bizflycloud-mcp-server/volume_tools.go:104.3,105.10 2 0
github.com/bizflycloud-mcp-server/volume_tools.go:105.10,107.4 1 0
github.com/bizflycloud-mcp-server/volume_tools.go:109.3,110.17 2 0
github.com/bizflycloud-mcp-server/volume_tools.go:110.17,112.4 1 0
github.com/bizflycloud-mcp-server/volume_tools.go:113.3,113.116 1 0
github.com/bizflycloud-mcp-server/volume_tools.go:117.2,124.114 2 1
github.com/bizflycloud-mcp-server/volume_tools.go:124.114,126.10 2 0
github.com/bizflycloud-mcp-server/volume_tools.go:126.10,128.4 1 0
github.com/bizflycloud-mcp-server/volume_tools.go:129.3,130.17 2 0
github.com/bizflycloud-mcp-server/volume_tools.go:130.17,132.4 1 0
github.com/bizflycloud-mcp-server/volume_tools.go:133.3,133.93 1 0
github.com/bizflycloud-mcp-server/volume_tools.go:137.2,140.115 2 1
github.com/bizflycloud-mcp-server/volume_tools.go:140.115,143.17 3 0
github.com/bizflycloud-mcp-server/volume_tools.go:143.17,145.4 1 0
github.com/bizflycloud-mcp-server/volume_tools.go:147.3,148.38 2 0
github.com/bizflycloud-mcp-server/volume_tools.go:148.38,155.4 6 0
github.com/bizflycloud-mcp-server/volume_tools.go:156.3,156.44 1 0
github.com/bizflycloud-mcp-server/volume_tools.go:160.2,171.116 2 1
github.com/bizflycloud-mcp-server/volume_tools.go:171.116,173.10 2 0
github.com/bizflycloud-mcp-server/volume_tools.go:173.10,175.4 1 0
github.com/bizflycloud-mcp-server/volume_tools.go:176.3,177.10 2 0
github.com/bizflycloud-mcp-server/volume_tools.go:177.10,179.4 1 0
github.com/bizflycloud-mcp-server/volume_tools.go:181.3,185.17 2 0
github.com/bizflycloud-mcp-server/volume_tools.go:185.17,187.4 1 0
github.com/bizflycloud-mcp-server/volume_tools.go:189.3,195.44 7 0
github.com/bizflycloud-mcp-server/volume_tools.go:199.2,206.116 2 1
github.com/bizflycloud-mcp-server/volume_tools.go:206.116,208.10 2 0
github.com/bizflycloud-mcp-server/volume_tools.go:208.10,210.4 1 0
github.com/bizflycloud-mcp-server/volume_tools.go:211.3,212.17 2 0
github.com/bizflycloud-mcp-server/volume_tools.go:212.17,214.4 1 0
github.com/bizflycloud-mcp-server/volume_tools.go:215.3,215.97 1 0
github.com/bizflycloud-mcp-server/volume_tools.go:219.2,226.111 2 1
github.com/bizflycloud-mcp-server/volume_tools.go:226.111,228.10 2 0
github.com/bizflycloud-mcp-server/volume_tools.go:228.10,230.4 1 0
github.com/bizflycloud-mcp-server/volume_tools.go:231.3,232.17 2 0
github.com/bizflycloud-mcp-server/volume_tools.go:232.17,234.4 1 0
github.com/bizflycloud-mcp-server/volume_tools.go:236.3,244.34 9 0
github.com/bizflycloud-mcp-server/volume_tools.go:244.34,246.50 2 0
github.com/bizflycloud-mcp-server/volume_tools.go:246.50,248.5 1 0
github.com/bizflycloud-mcp-server/volume_tools.go:250.3,252.44 3 0
github.com/bizflycloud-mcp-server/volume_tools.go:256.2,267.114 2 1
github.com/bizflycloud-mcp-server/volume_tools.go:267.114,269.10 2 0
github.com/bizflycloud-mcp-server/volume_tools.go:269.10,271.4 1 0
github.com/bizflycloud-mcp-server/volume_tools.go:272.3,273.10 2 0
github.com/bizflycloud-mcp-server/volume_tools.go:273.10,275.4 1 0
github.com/bizflycloud-mcp-server/volume_tools.go:276.3,277.17 2 0
github.com/bizflycloud-mcp-server/volume_tools.go:277.17,279.4 1 0
github.com/bizflycloud-mcp-server/volume_tools.go:280.3,280.117 1 0
github.com/bizflycloud-mcp-server/volume_tools.go:284.2,295.114 2 1
github.com/bizflycloud-mcp-server/volume_tools.go:295.114,297.10 2 0
github.com/bizflycloud-mcp-server/volume_tools.go:297.10,299.4 1 0
github.com/bizflycloud-mcp-server/volume_tools.go:300.3,301.10 2 0
github.com/bizflycloud-mcp-server/volume_tools.go:301.10,303.4 1 0
github.com/bizflycloud-mcp-server/volume_tools.go:304.3,305.17 2 0
github.com/bizflycloud-mcp-server/volume_tools.go:305.17,307.4 1 0
github.com/bizflycloud-mcp-server/volume_tools.go:308.3,308.119 1 0
